{
  "RSpec": {
    "coverage": {
      "/Users/daniel/Desktop/Makers/gelato/spec/gelato_spec.rb": [
        null,
        null,
        null,
        null,
        null,
        null,
        null,
        null,
        null,
        null,
        null,
        null
      ],
      "/Users/daniel/Desktop/Makers/gelato/spec/ingredient_spec.rb": [
        1,
        null,
        1,
        null,
        3,
        null,
        1,
        1,
        null,
        null,
        1,
        1,
        1,
        1,
        1,
        1,
        null,
        null
      ],
      "/Users/daniel/Desktop/Makers/gelato/lib/ingredient.rb": [
        1,
        null,
        1,
        null,
        1,
        2,
        null,
        null,
        null,
        null,
        null,
        null,
        null,
        null,
        null
      ]
    },
    "timestamp": 1524918059
  }
}
